
> cartify-client@0.1.0 dev
> next dev

▲ Next.js 16.2.9 (Turbopack)
- Local:         http://localhost:3000
- Network:       http://192.168.0.105:3000
- Environments: .env.local
✓ Ready in 5.3s
Creating turbopack project { dir: 'D:\\Development\\SSJ\\e-commerce\\client', testMode: true }

 GET / 200 in 2.8s (next.js: 1595ms, application-code: 1175ms)
 GET / 200 in 290ms (next.js: 40ms, application-code: 249ms)
 GET /products/6a11550c5b50fd7472c71901 200 in 3.4s (next.js: 3.0s, application-code: 422ms)
 GET /cart 200 in 268ms (next.js: 137ms, application-code: 131ms)
 GET / 200 in 449ms (next.js: 129ms, application-code: 320ms)
✓ Compiled in 1386ms
 GET / 200 in 1785ms (next.js: 983ms, application-code: 802ms)
 GET / 200 in 647ms (next.js: 34ms, application-code: 614ms)
✓ Compiled in 924ms
 GET / 200 in 634ms (next.js: 445ms, application-code: 189ms)
 GET / 200 in 869ms (next.js: 529ms, application-code: 341ms)
 GET / 200 in 297ms (next.js: 29ms, application-code: 268ms)
 GET / 200 in 578ms (next.js: 30ms, application-code: 548ms)
 GET / 200 in 672ms (next.js: 30ms, application-code: 643ms)
 GET / 200 in 709ms (next.js: 128ms, application-code: 582ms)
 GET / 200 in 710ms (next.js: 304ms, application-code: 406ms)
 GET / 200 in 718ms (next.js: 220ms, application-code: 498ms)
 GET / 200 in 719ms (next.js: 428ms, application-code: 291ms)
 GET / 200 in 739ms (next.js: 20ms, application-code: 719ms)
 GET / 200 in 1384ms (next.js: 43ms, application-code: 1342ms)
 GET / 200 in 1441ms (next.js: 184ms, application-code: 1257ms)
 GET / 200 in 1452ms (next.js: 407ms, application-code: 1045ms)
 GET / 200 in 1480ms (next.js: 295ms, application-code: 1185ms)
 GET / 200 in 931ms (next.js: 33ms, application-code: 899ms)
 GET / 200 in 2.4s (next.js: 29ms, application-code: 2.4s)
 GET / 200 in 2.5s (next.js: 196ms, application-code: 2.3s)
 GET / 200 in 2.6s (next.js: 477ms, application-code: 2.2s)
 GET / 200 in 2.7s (next.js: 906ms, application-code: 1762ms)
 GET / 200 in 2.7s (next.js: 1184ms, application-code: 1496ms)
 GET / 200 in 2.7s (next.js: 1532ms, application-code: 1160ms)
 GET / 200 in 2.8s (next.js: 227ms, application-code: 2.5s)
 GET / 200 in 2.1s (next.js: 431ms, application-code: 1663ms)
 GET / 200 in 2.1s (next.js: 831ms, application-code: 1244ms)
 GET / 200 in 2.0s (next.js: 1191ms, application-code: 830ms)
 GET / 200 in 1933ms (next.js: 1357ms, application-code: 576ms)
 GET / 200 in 1357ms (next.js: 997ms, application-code: 359ms)
 GET / 200 in 775ms (next.js: 30ms, application-code: 745ms)
 GET / 200 in 849ms (next.js: 65ms, application-code: 784ms)
 GET / 200 in 891ms (next.js: 140ms, application-code: 751ms)
 GET / 200 in 896ms (next.js: 210ms, application-code: 685ms)
 GET / 200 in 898ms (next.js: 407ms, application-code: 491ms)
 GET / 200 in 414ms (next.js: 67ms, application-code: 347ms)
 GET / 200 in 422ms (next.js: 19ms, application-code: 403ms)
 GET / 200 in 169ms (next.js: 20ms, application-code: 149ms)
 GET / 200 in 376ms (next.js: 216ms, application-code: 160ms)
 GET /account 200 in 2.6s (next.js: 2.5s, application-code: 108ms)
 GET /orders 200 in 339ms (next.js: 99ms, application-code: 239ms)
 GET /admin 200 in 553ms (next.js: 246ms, application-code: 307ms)
 GET /account 200 in 85ms (next.js: 13ms, application-code: 71ms)
 GET / 200 in 122ms (next.js: 16ms, application-code: 106ms)
 GET /account 200 in 95ms (next.js: 13ms, application-code: 82ms)
 GET /orders 200 in 148ms (next.js: 33ms, application-code: 115ms)
 GET /orders 200 in 114ms (next.js: 34ms, application-code: 81ms)
 GET /account 200 in 312ms (next.js: 39ms, application-code: 273ms)
 GET /orders 200 in 99ms (next.js: 19ms, application-code: 80ms)
 GET /account 200 in 91ms (next.js: 14ms, application-code: 77ms)
 GET /account 200 in 2.6s (next.js: 239ms, application-code: 2.4s)
✓ Compiled in 1053ms
 GET /account 200 in 1267ms (next.js: 702ms, application-code: 565ms)
 GET /account 200 in 324ms (next.js: 51ms, application-code: 273ms)
 GET /account 200 in 41ms (next.js: 14ms, application-code: 27ms)
 GET /account 200 in 98ms (next.js: 18ms, application-code: 81ms)
 GET /account 200 in 167ms (next.js: 12ms, application-code: 155ms)
 GET /orders 200 in 162ms (next.js: 52ms, application-code: 109ms)
 GET /account 200 in 190ms (next.js: 13ms, application-code: 177ms)
 GET /login 200 in 528ms (next.js: 254ms, application-code: 274ms)
 GET /login 200 in 180ms (next.js: 34ms, application-code: 146ms)
 GET / 200 in 240ms (next.js: 93ms, application-code: 146ms)
 GET / 200 in 272ms (next.js: 25ms, application-code: 247ms)
 GET /account 200 in 185ms (next.js: 20ms, application-code: 164ms)
 GET /account 200 in 4.9s (next.js: 2.2s, application-code: 2.8s)
 GET /account 200 in 2.2s (next.js: 118ms, application-code: 2.0s)
 GET /account 200 in 1184ms (next.js: 645ms, application-code: 539ms)
 GET /account 200 in 1180ms (next.js: 926ms, application-code: 255ms)
 GET /account 200 in 354ms (next.js: 17ms, application-code: 337ms)
 GET /account 200 in 356ms (next.js: 39ms, application-code: 317ms)
 GET /account 200 in 357ms (next.js: 43ms, application-code: 314ms)
 GET /account 200 in 191ms (next.js: 31ms, application-code: 160ms)
 GET /account 200 in 4.0s (next.js: 58ms, application-code: 4.0s)
 GET /login 200 in 1618ms (next.js: 1094ms, application-code: 524ms)
 GET / 200 in 2.5s (next.js: 996ms, application-code: 1471ms)
 GET /login 200 in 627ms (next.js: 18ms, application-code: 609ms)
 GET /register 200 in 587ms (next.js: 237ms, application-code: 350ms)
 GET /account 200 in 367ms (next.js: 66ms, application-code: 301ms)
 GET /login 200 in 132ms (next.js: 19ms, application-code: 113ms)
 GET /checkout 200 in 562ms (next.js: 208ms, application-code: 354ms)
 GET /login 200 in 153ms (next.js: 22ms, application-code: 131ms)
 GET /orders 200 in 1475ms (next.js: 434ms, application-code: 1041ms)
 GET /login 200 in 172ms (next.js: 21ms, application-code: 151ms)
